Device Report: device5_intouch.log



31063(device5_intouch.log):2014-01-26 09:55:07:Boot Start
31176(device5_intouch.log):2014-01-26 09:58:04.362:Boot Completed

31274(device5_intouch.log):2014-01-26 12:15:18:Boot Start
Device Boot has failed to complete

31293(device5_intouch.log):2014-01-26 14:02:39:Boot Start
31401(device5_intouch.log):2014-01-26 14:05:24.465:Boot Completed

32623(device5_intouch.log):2014-01-27 12:27:55:Boot Start
Device Boot has failed to complete

32641(device5_intouch.log):2014-01-27 12:30:23:Boot Start
Device Boot has failed to complete

32656(device5_intouch.log):2014-01-27 12:32:51:Boot Start
Device Boot has failed to complete

32674(device5_intouch.log):2014-01-27 12:35:19:Boot Start
Device Boot has failed to complete

32693(device5_intouch.log):2014-01-27 14:02:38:Boot Start
32801(device5_intouch.log):2014-01-27 14:05:21.193:Boot Completed

33709(device5_intouch.log):2014-01-28 12:44:17:Boot Start
Device Boot has failed to complete

33725(device5_intouch.log):2014-01-28 14:02:33:Boot Start
33833(device5_intouch.log):2014-01-28 14:05:15.905:Boot Completed

34594(device5_intouch.log):2014-01-29 12:43:07:Boot Start
Device Boot has failed to complete

34613(device5_intouch.log):2014-01-29 14:02:35:Boot Start
34721(device5_intouch.log):2014-01-29 14:05:19.715:Boot Completed

37428(device5_intouch.log):2014-01-30 12:43:05:Boot Start
Device Boot has failed to complete

37447(device5_intouch.log):2014-01-30 14:02:40:Boot Start
37555(device5_intouch.log):2014-01-30 14:05:22.876:Boot Completed

38258(device5_intouch.log):2014-01-31 14:02:33:Boot Start
38366(device5_intouch.log):2014-01-31 14:05:16.257:Boot Completed

39150(device5_intouch.log):2014-02-01 12:39:38:Boot Start
Device Boot has failed to complete

39166(device5_intouch.log):2014-02-01 12:42:07:Boot Start
Device Boot has failed to complete

39182(device5_intouch.log):2014-02-01 14:02:32:Boot Start
39290(device5_intouch.log):2014-02-01 14:05:16.090:Boot Completed

40288(device5_intouch.log):2014-02-02 14:02:39:Boot Start
40397(device5_intouch.log):2014-02-02 14:05:31.252:Boot Completed

41615(device5_intouch.log):2014-02-03 12:35:55:Boot Start
Device Boot has failed to complete

41633(device5_intouch.log):2014-02-03 12:38:22:Boot Start
Device Boot has failed to complete

41648(device5_intouch.log):2014-02-03 12:40:48:Boot Start
Device Boot has failed to complete

41666(device5_intouch.log):2014-02-03 12:43:17:Boot Start
Device Boot has failed to complete

41684(device5_intouch.log):2014-02-03 12:45:46:Boot Start
Device Boot has failed to complete

41694(device5_intouch.log):2014-02-03 14:02:34:Boot Start
41802(device5_intouch.log):2014-02-03 14:05:18.597:Boot Completed

Boot Starts: 25 :: Boot completions: 10		Scanned Lines: 41855
